[2021-09-20 15:37:48:72962] [32m[find%004dember%0043ache.data][0;39m [1;31mERROR[0;39m [1;37m[net.sf.ehcache.store.disk.DiskStorageFactory$DiskWriteTask.call:[33m488[0;39m][0;39m - Disk Write of huiseung failed: 
java.io.NotSerializableException: com.example.cache.Member
	at java.base/java.io.ObjectOutputStream.writeObject0(ObjectOutputStream.java:1185)
	at java.base/java.io.ObjectOutputStream.defaultWriteFields(ObjectOutputStream.java:1553)
	at java.base/java.io.ObjectOutputStream.defaultWriteObject(ObjectOutputStream.java:442)
	at net.sf.ehcache.Element.writeObject(Element.java:875)
	at java.base/jdk.internal.reflect.NativeMethodAccessorImpl.invoke0(Native Method)
	at java.base/jdk.internal.reflect.NativeMethodAccessorImpl.invoke(NativeMethodAccessorImpl.java:62)
	at java.base/jdk.internal.reflect.DelegatingMethodAccessorImpl.invoke(DelegatingMethodAccessorImpl.java:43)
	at java.base/java.lang.reflect.Method.invoke(Method.java:566)
	at java.base/java.io.ObjectStreamClass.invokeWriteObject(ObjectStreamClass.java:1145)
	at java.base/java.io.ObjectOutputStream.writeSerialData(ObjectOutputStream.java:1497)
	at java.base/java.io.ObjectOutputStream.writeOrdinaryObject(ObjectOutputStream.java:1433)
	at java.base/java.io.ObjectOutputStream.writeObject0(ObjectOutputStream.java:1179)
	at java.base/java.io.ObjectOutputStream.writeObject(ObjectOutputStream.java:349)
	at net.sf.ehcache.util.MemoryEfficientByteArrayOutputStream.serialize(MemoryEfficientByteArrayOutputStream.java:97)
	at net.sf.ehcache.store.disk.DiskStorageFactory.serializeElement(DiskStorageFactory.java:403)
	at net.sf.ehcache.store.disk.DiskStorageFactory.write(DiskStorageFactory.java:385)
	at net.sf.ehcache.store.disk.DiskStorageFactory$DiskWriteTask.call(DiskStorageFactory.java:477)
	at net.sf.ehcache.store.disk.DiskStorageFactory$PersistentDiskWriteTask.call(DiskStorageFactory.java:1071)
	at net.sf.ehcache.store.disk.DiskStorageFactory$PersistentDiskWriteTask.call(DiskStorageFactory.java:1055)
	at java.base/java.util.concurrent.FutureTask.run(FutureTask.java:264)
	at java.base/java.util.concurrent.ScheduledThreadPoolExecutor$ScheduledFutureTask.run(ScheduledThreadPoolExecutor.java:304)
	at java.base/java.util.concurrent.ThreadPoolExecutor.runWorker(ThreadPoolExecutor.java:1128)
	at java.base/java.util.concurrent.ThreadPoolExecutor$Worker.run(ThreadPoolExecutor.java:628)
	at java.base/java.lang.Thread.run(Thread.java:834)
[2021-09-20 15:38:06:91260] [32m[SpringApplicationShutdownHook][0;39m [1;31mERROR[0;39m [1;37m[net.sf.ehcache.store.disk.DiskStorageFactory$DiskWriteTask.call:[33m488[0;39m][0;39m - Disk Write of huiseung failed: 
java.io.NotSerializableException: com.example.cache.Member
	at java.base/java.io.ObjectOutputStream.writeObject0(ObjectOutputStream.java:1185)
	at java.base/java.io.ObjectOutputStream.defaultWriteFields(ObjectOutputStream.java:1553)
	at java.base/java.io.ObjectOutputStream.defaultWriteObject(ObjectOutputStream.java:442)
	at net.sf.ehcache.Element.writeObject(Element.java:875)
	at java.base/jdk.internal.reflect.NativeMethodAccessorImpl.invoke0(Native Method)
	at java.base/jdk.internal.reflect.NativeMethodAccessorImpl.invoke(NativeMethodAccessorImpl.java:62)
	at java.base/jdk.internal.reflect.DelegatingMethodAccessorImpl.invoke(DelegatingMethodAccessorImpl.java:43)
	at java.base/java.lang.reflect.Method.invoke(Method.java:566)
	at java.base/java.io.ObjectStreamClass.invokeWriteObject(ObjectStreamClass.java:1145)
	at java.base/java.io.ObjectOutputStream.writeSerialData(ObjectOutputStream.java:1497)
	at java.base/java.io.ObjectOutputStream.writeOrdinaryObject(ObjectOutputStream.java:1433)
	at java.base/java.io.ObjectOutputStream.writeObject0(ObjectOutputStream.java:1179)
	at java.base/java.io.ObjectOutputStream.writeObject(ObjectOutputStream.java:349)
	at net.sf.ehcache.util.MemoryEfficientByteArrayOutputStream.serialize(MemoryEfficientByteArrayOutputStream.java:97)
	at net.sf.ehcache.store.disk.DiskStorageFactory.serializeElement(DiskStorageFactory.java:403)
	at net.sf.ehcache.store.disk.DiskStorageFactory.write(DiskStorageFactory.java:385)
	at net.sf.ehcache.store.disk.DiskStorageFactory$DiskWriteTask.call(DiskStorageFactory.java:477)
	at net.sf.ehcache.store.disk.DiskStorageFactory$PersistentDiskWriteTask.call(DiskStorageFactory.java:1071)
	at net.sf.ehcache.store.disk.DiskStorageFactory$IndexWriteTask.call(DiskStorageFactory.java:1108)
	at net.sf.ehcache.store.disk.DiskStorageFactory.unbind(DiskStorageFactory.java:921)
	at net.sf.ehcache.store.disk.DiskStore.dispose(DiskStore.java:664)
	at net.sf.ehcache.store.CacheStore.dispose(CacheStore.java:342)
	at net.sf.ehcache.Cache.dispose(Cache.java:2587)
	at net.sf.ehcache.CacheManager.shutdown(CacheManager.java:1548)
	at java.base/jdk.internal.reflect.NativeMethodAccessorImpl.invoke0(Native Method)
	at java.base/jdk.internal.reflect.NativeMethodAccessorImpl.invoke(NativeMethodAccessorImpl.java:62)
	at java.base/jdk.internal.reflect.DelegatingMethodAccessorImpl.invoke(DelegatingMethodAccessorImpl.java:43)
	at java.base/java.lang.reflect.Method.invoke(Method.java:566)
	at org.springframework.beans.factory.support.DisposableBeanAdapter.invokeCustomDestroyMethod(DisposableBeanAdapter.java:281)
	at org.springframework.beans.factory.support.DisposableBeanAdapter.destroy(DisposableBeanAdapter.java:215)
	at org.springframework.beans.factory.support.DefaultSingletonBeanRegistry.destroyBean(DefaultSingletonBeanRegistry.java:587)
	at org.springframework.beans.factory.support.DefaultSingletonBeanRegistry.destroySingleton(DefaultSingletonBeanRegistry.java:559)
	at org.springframework.beans.factory.support.DefaultListableBeanFactory.destroySingleton(DefaultListableBeanFactory.java:1152)
	at org.springframework.beans.factory.support.DefaultSingletonBeanRegistry.destroySingletons(DefaultSingletonBeanRegistry.java:520)
	at org.springframework.beans.factory.support.DefaultListableBeanFactory.destroySingletons(DefaultListableBeanFactory.java:1145)
	at org.springframework.context.support.AbstractApplicationContext.destroyBeans(AbstractApplicationContext.java:1106)
	at org.springframework.context.support.AbstractApplicationContext.doClose(AbstractApplicationContext.java:1075)
	at org.springframework.boot.web.servlet.context.ServletWebServerApplicationContext.doClose(ServletWebServerApplicationContext.java:172)
	at org.springframework.context.support.AbstractApplicationContext.close(AbstractApplicationContext.java:1021)
	at org.springframework.boot.SpringApplicationShutdownHook.closeAndWait(SpringApplicationShutdownHook.java:131)
	at java.base/java.lang.Iterable.forEach(Iterable.java:75)
	at org.springframework.boot.SpringApplicationShutdownHook.run(SpringApplicationShutdownHook.java:100)
	at java.base/java.lang.Thread.run(Thread.java:834)
